2023-07-27 00:52:44,277 [Worker-5: Loading available Gradle versions] INFO  o.e.b.c.i.u.g.PublishedGradleVersions - Gradle version information cache is up-to-date. Trying to read.
2023-07-27 00:53:49,495 [Worker-3: Building] INFO  o.e.m.c.i.l.LifecycleMappingFactory - Using org.eclipse.m2e.jdt.JarLifecycleMapping lifecycle mapping for MavenProject: com.example:Backend:0.0.1-SNAPSHOT @ C:\Users\Dell\Downloads\Telegram Desktop\smartcityspring\smartcityspring\appointment\pom.xml.
2023-07-27 00:53:54,737 [Worker-3: Building] INFO  o.a.m.s.f.DefaultMavenResourcesFiltering - Copying 1 resource from src\main\resources to target\classes
2023-07-27 00:53:54,814 [Worker-3: Building] INFO  o.a.m.s.f.DefaultMavenResourcesFiltering - Copying 0 resource from src\main\resources to target\classes
2023-07-27 00:53:54,852 [Worker-3: Building] INFO  o.a.m.s.f.DefaultMavenResourcesFiltering - skip non existing resourceDirectory C:\Users\Dell\Downloads\Telegram Desktop\smartcityspring\smartcityspring\appointment\src\test\resources
2023-07-27 00:56:47,320 [Worker-2: Loading available Gradle versions] INFO  o.e.b.c.i.u.g.PublishedGradleVersions - Gradle version information cache is up-to-date. Trying to read.
2023-07-27 00:56:58,147 [Worker-0: Building] INFO  o.e.m.c.i.l.LifecycleMappingFactory - Using org.eclipse.m2e.jdt.JarLifecycleMapping lifecycle mapping for MavenProject: com.example:Backend:0.0.1-SNAPSHOT @ C:\Users\Dell\Downloads\Telegram Desktop\smartcityspring\smartcityspring\appointment\pom.xml.
2023-07-27 00:57:02,556 [Worker-0: Building] INFO  o.a.m.s.f.DefaultMavenResourcesFiltering - Copying 1 resource from src\main\resources to target\classes
2023-07-27 00:57:02,642 [Worker-0: Building] INFO  o.a.m.s.f.DefaultMavenResourcesFiltering - Copying 0 resource from src\main\resources to target\classes
2023-07-27 00:57:02,788 [Worker-0: Building] INFO  o.a.m.s.f.DefaultMavenResourcesFiltering - skip non existing resourceDirectory C:\Users\Dell\Downloads\Telegram Desktop\smartcityspring\smartcityspring\appointment\src\test\resources
2023-07-27 00:57:04,310 [Worker-1: Updating Maven Dependencies] INFO  o.e.m.c.i.l.LifecycleMappingFactory - Using org.eclipse.m2e.jdt.JarLifecycleMapping lifecycle mapping for MavenProject: com.example:Backend:0.0.1-SNAPSHOT @ C:\Users\Dell\Downloads\Telegram Desktop\smartcityspring\smartcityspring\appointment\pom.xml.
2023-07-27 09:19:31,119 [Worker-14: Building] INFO  o.a.m.s.f.DefaultMavenResourcesFiltering - Copying 1 resource from src\main\resources to target\classes
2023-07-27 09:19:31,185 [Worker-14: Building] INFO  o.a.m.s.f.DefaultMavenResourcesFiltering - Copying 0 resource from src\main\resources to target\classes
2023-07-27 09:19:31,194 [Worker-14: Building] INFO  o.a.m.s.f.DefaultMavenResourcesFiltering - skip non existing resourceDirectory C:\Users\Dell\Downloads\Telegram Desktop\smartcityspring\smartcityspring\appointment\src\test\resources
2023-07-27 09:20:27,741 [Worker-14: Building] INFO  o.e.m.c.i.l.LifecycleMappingFactory - Using org.eclipse.m2e.jdt.JarLifecycleMapping lifecycle mapping for MavenProject: com.example:Backend:0.0.1-SNAPSHOT @ C:\Users\Dell\Downloads\Telegram Desktop\smartcityspring\smartcityspring\demo\pom.xml.
2023-07-27 09:20:29,933 [Worker-14: Building] INFO  o.a.m.s.f.DefaultMavenResourcesFiltering - Copying 1 resource from src\main\resources to target\classes
2023-07-27 09:20:30,079 [Worker-14: Building] INFO  o.a.m.s.f.DefaultMavenResourcesFiltering - Copying 0 resource from src\main\resources to target\classes
2023-07-27 09:20:30,087 [Worker-14: Building] INFO  o.a.m.s.f.DefaultMavenResourcesFiltering - skip non existing resourceDirectory C:\Users\Dell\Downloads\Telegram Desktop\smartcityspring\smartcityspring\demo\src\test\resources
2023-07-27 09:20:30,969 [Worker-17: Updating Maven Dependencies] INFO  o.e.m.c.i.l.LifecycleMappingFactory - Using org.eclipse.m2e.jdt.JarLifecycleMapping lifecycle mapping for MavenProject: com.example:Backend:0.0.1-SNAPSHOT @ C:\Users\Dell\Downloads\Telegram Desktop\smartcityspring\smartcityspring\demo\pom.xml.
2023-07-27 09:21:22,753 [Worker-19: Building] INFO  o.a.m.s.f.DefaultMavenResourcesFiltering - Copying 1 resource from src\main\resources to target\classes
2023-07-27 09:21:22,784 [Worker-19: Building] INFO  o.a.m.s.f.DefaultMavenResourcesFiltering - Copying 0 resource from src\main\resources to target\classes
2023-07-27 09:21:22,795 [Worker-19: Building] INFO  o.a.m.s.f.DefaultMavenResourcesFiltering - skip non existing resourceDirectory C:\Users\Dell\Downloads\Telegram Desktop\smartcityspring\smartcityspring\demo\src\test\resources
2023-07-27 09:22:23,034 [Worker-18: Building] INFO  o.e.m.c.i.l.LifecycleMappingFactory - Using org.eclipse.m2e.jdt.JarLifecycleMapping lifecycle mapping for MavenProject: com.example:Backend:0.0.1-SNAPSHOT @ C:\Users\Dell\Downloads\Telegram Desktop\smartcityspring\smartcityspring\docLogin\pom.xml.
2023-07-27 09:22:24,526 [Worker-18: Building] INFO  o.a.m.s.f.DefaultMavenResourcesFiltering - Copying 1 resource from src\main\resources to target\classes
2023-07-27 09:22:24,553 [Worker-18: Building] INFO  o.a.m.s.f.DefaultMavenResourcesFiltering - Copying 0 resource from src\main\resources to target\classes
2023-07-27 09:22:24,561 [Worker-18: Building] INFO  o.a.m.s.f.DefaultMavenResourcesFiltering - skip non existing resourceDirectory C:\Users\Dell\Downloads\Telegram Desktop\smartcityspring\smartcityspring\docLogin\src\test\resources
2023-07-27 09:22:25,842 [Worker-14: Updating Maven Dependencies] INFO  o.e.m.c.i.l.LifecycleMappingFactory - Using org.eclipse.m2e.jdt.JarLifecycleMapping lifecycle mapping for MavenProject: com.example:Backend:0.0.1-SNAPSHOT @ C:\Users\Dell\Downloads\Telegram Desktop\smartcityspring\smartcityspring\docLogin\pom.xml.
2023-07-27 09:22:59,127 [Worker-14: Building] INFO  o.a.m.s.f.DefaultMavenResourcesFiltering - Copying 1 resource from src\main\resources to target\classes
2023-07-27 09:22:59,183 [Worker-14: Building] INFO  o.a.m.s.f.DefaultMavenResourcesFiltering - Copying 0 resource from src\main\resources to target\classes
2023-07-27 09:22:59,200 [Worker-14: Building] INFO  o.a.m.s.f.DefaultMavenResourcesFiltering - skip non existing resourceDirectory C:\Users\Dell\Downloads\Telegram Desktop\smartcityspring\smartcityspring\docLogin\src\test\resources
2023-07-27 09:23:59,023 [Worker-17: Building] INFO  o.e.m.c.i.l.LifecycleMappingFactory - Using org.eclipse.m2e.jdt.JarLifecycleMapping lifecycle mapping for MavenProject: com.spring:Backend:0.0.1-SNAPSHOT @ C:\Users\Dell\Downloads\Telegram Desktop\smartcityspring\smartcityspring\CMS2\pom.xml.
2023-07-27 09:24:02,226 [Worker-17: Building] INFO  o.e.m.c.i.embedder.EclipseLogger - Using 'UTF-8' encoding to copy filtered resources.
2023-07-27 09:24:02,226 [Worker-17: Building] INFO  o.e.m.c.i.embedder.EclipseLogger - Using 'UTF-8' encoding to copy filtered properties files.
2023-07-27 09:24:02,227 [Worker-17: Building] INFO  o.e.m.c.i.embedder.EclipseLogger - Copying 1 resource
2023-07-27 09:24:02,266 [Worker-17: Building] INFO  o.e.m.c.i.embedder.EclipseLogger - Copying 0 resource
2023-07-27 09:24:02,273 [Worker-17: Building] INFO  o.e.m.c.i.embedder.EclipseLogger - Using 'UTF-8' encoding to copy filtered resources.
2023-07-27 09:24:02,274 [Worker-17: Building] INFO  o.e.m.c.i.embedder.EclipseLogger - Using 'UTF-8' encoding to copy filtered properties files.
2023-07-27 09:24:02,274 [Worker-17: Building] INFO  o.e.m.c.i.embedder.EclipseLogger - skip non existing resourceDirectory C:\Users\Dell\Downloads\Telegram Desktop\smartcityspring\smartcityspring\CMS2\src\test\resources
2023-07-27 09:24:02,492 [Worker-11: Updating Maven Dependencies] INFO  o.e.m.c.i.l.LifecycleMappingFactory - Using org.eclipse.m2e.jdt.JarLifecycleMapping lifecycle mapping for MavenProject: com.spring:Backend:0.0.1-SNAPSHOT @ C:\Users\Dell\Downloads\Telegram Desktop\smartcityspring\smartcityspring\CMS2\pom.xml.
2023-07-27 09:24:34,182 [Worker-21: Building] INFO  o.e.m.c.i.embedder.EclipseLogger - Using 'UTF-8' encoding to copy filtered resources.
2023-07-27 09:24:34,183 [Worker-21: Building] INFO  o.e.m.c.i.embedder.EclipseLogger - Using 'UTF-8' encoding to copy filtered properties files.
2023-07-27 09:24:34,186 [Worker-21: Building] INFO  o.e.m.c.i.embedder.EclipseLogger - Copying 1 resource
2023-07-27 09:24:34,190 [Worker-21: Building] INFO  o.e.m.c.i.embedder.EclipseLogger - Copying 0 resource
2023-07-27 09:24:34,197 [Worker-21: Building] INFO  o.e.m.c.i.embedder.EclipseLogger - Using 'UTF-8' encoding to copy filtered resources.
2023-07-27 09:24:34,197 [Worker-21: Building] INFO  o.e.m.c.i.embedder.EclipseLogger - Using 'UTF-8' encoding to copy filtered properties files.
2023-07-27 09:24:34,197 [Worker-21: Building] INFO  o.e.m.c.i.embedder.EclipseLogger - skip non existing resourceDirectory C:\Users\Dell\Downloads\Telegram Desktop\smartcityspring\smartcityspring\CMS2\src\test\resources
2023-07-27 09:25:18,574 [Worker-14: Building] INFO  o.e.m.c.i.embedder.EclipseLogger - Using 'UTF-8' encoding to copy filtered resources.
2023-07-27 09:25:18,575 [Worker-14: Building] INFO  o.e.m.c.i.embedder.EclipseLogger - Using 'UTF-8' encoding to copy filtered properties files.
2023-07-27 09:25:18,575 [Worker-14: Building] INFO  o.e.m.c.i.embedder.EclipseLogger - Copying 1 resource
2023-07-27 09:25:18,636 [Worker-14: Building] INFO  o.e.m.c.i.embedder.EclipseLogger - Copying 0 resource
2023-07-27 09:25:18,645 [Worker-14: Building] INFO  o.e.m.c.i.embedder.EclipseLogger - Using 'UTF-8' encoding to copy filtered resources.
2023-07-27 09:25:18,645 [Worker-14: Building] INFO  o.e.m.c.i.embedder.EclipseLogger - Using 'UTF-8' encoding to copy filtered properties files.
2023-07-27 09:25:18,646 [Worker-14: Building] INFO  o.e.m.c.i.embedder.EclipseLogger - skip non existing resourceDirectory C:\Users\Dell\Downloads\Telegram Desktop\smartcityspring\smartcityspring\CMS2\src\test\resources
2023-07-27 09:25:25,655 [Worker-21: Building] INFO  o.e.m.c.i.embedder.EclipseLogger - Using 'UTF-8' encoding to copy filtered resources.
2023-07-27 09:25:25,656 [Worker-21: Building] INFO  o.e.m.c.i.embedder.EclipseLogger - Using 'UTF-8' encoding to copy filtered properties files.
2023-07-27 09:25:25,656 [Worker-21: Building] INFO  o.e.m.c.i.embedder.EclipseLogger - Copying 1 resource
2023-07-27 09:25:25,673 [Worker-21: Building] INFO  o.e.m.c.i.embedder.EclipseLogger - Copying 0 resource
2023-07-27 09:25:25,680 [Worker-21: Building] INFO  o.e.m.c.i.embedder.EclipseLogger - Using 'UTF-8' encoding to copy filtered resources.
2023-07-27 09:25:25,681 [Worker-21: Building] INFO  o.e.m.c.i.embedder.EclipseLogger - Using 'UTF-8' encoding to copy filtered properties files.
2023-07-27 09:25:25,681 [Worker-21: Building] INFO  o.e.m.c.i.embedder.EclipseLogger - skip non existing resourceDirectory C:\Users\Dell\Downloads\Telegram Desktop\smartcityspring\smartcityspring\CMS2\src\test\resources
2023-07-27 09:27:10,694 [Worker-24: Updating Maven Dependencies] INFO  o.e.m.c.i.l.LifecycleMappingFactory - Using org.eclipse.m2e.jdt.JarLifecycleMapping lifecycle mapping for MavenProject: com.spring:Backend:0.0.1-SNAPSHOT @ C:\Users\Dell\Downloads\Telegram Desktop\smartcityspring\smartcityspring\SMS\pom.xml.
2023-07-27 09:27:12,040 [Worker-22: Building] INFO  o.e.m.c.i.l.LifecycleMappingFactory - Using org.eclipse.m2e.jdt.JarLifecycleMapping lifecycle mapping for MavenProject: com.spring:Backend:0.0.1-SNAPSHOT @ C:\Users\Dell\Downloads\Telegram Desktop\smartcityspring\smartcityspring\SMS\pom.xml.
2023-07-27 09:27:14,351 [Worker-22: Building] INFO  o.e.m.c.i.embedder.EclipseLogger - Using 'UTF-8' encoding to copy filtered resources.
2023-07-27 09:27:14,351 [Worker-22: Building] INFO  o.e.m.c.i.embedder.EclipseLogger - Using 'UTF-8' encoding to copy filtered properties files.
2023-07-27 09:27:14,352 [Worker-22: Building] INFO  o.e.m.c.i.embedder.EclipseLogger - Copying 1 resource
2023-07-27 09:27:14,381 [Worker-22: Building] INFO  o.e.m.c.i.embedder.EclipseLogger - Copying 0 resource
2023-07-27 09:27:14,388 [Worker-22: Building] INFO  o.e.m.c.i.embedder.EclipseLogger - Using 'UTF-8' encoding to copy filtered resources.
2023-07-27 09:27:14,389 [Worker-22: Building] INFO  o.e.m.c.i.embedder.EclipseLogger - Using 'UTF-8' encoding to copy filtered properties files.
2023-07-27 09:27:14,390 [Worker-22: Building] INFO  o.e.m.c.i.embedder.EclipseLogger - skip non existing resourceDirectory C:\Users\Dell\Downloads\Telegram Desktop\smartcityspring\smartcityspring\SMS\src\test\resources
2023-07-27 09:27:16,676 [Worker-17: Updating Maven Dependencies] INFO  o.e.m.c.i.l.LifecycleMappingFactory - Using org.eclipse.m2e.jdt.JarLifecycleMapping lifecycle mapping for MavenProject: com.spring:Backend:0.0.1-SNAPSHOT @ C:\Users\Dell\Downloads\Telegram Desktop\smartcityspring\smartcityspring\SMS\pom.xml.
2023-07-27 09:29:08,275 [Worker-11: Building] INFO  o.e.m.c.i.embedder.EclipseLogger - Using 'UTF-8' encoding to copy filtered resources.
2023-07-27 09:29:08,275 [Worker-11: Building] INFO  o.e.m.c.i.embedder.EclipseLogger - Using 'UTF-8' encoding to copy filtered properties files.
2023-07-27 09:29:08,281 [Worker-11: Building] INFO  o.e.m.c.i.embedder.EclipseLogger - Copying 1 resource
2023-07-27 09:29:08,305 [Worker-11: Building] INFO  o.e.m.c.i.embedder.EclipseLogger - Copying 0 resource
2023-07-27 09:29:08,313 [Worker-11: Building] INFO  o.e.m.c.i.embedder.EclipseLogger - Using 'UTF-8' encoding to copy filtered resources.
2023-07-27 09:29:08,313 [Worker-11: Building] INFO  o.e.m.c.i.embedder.EclipseLogger - Using 'UTF-8' encoding to copy filtered properties files.
2023-07-27 09:29:08,314 [Worker-11: Building] INFO  o.e.m.c.i.embedder.EclipseLogger - skip non existing resourceDirectory C:\Users\Dell\Downloads\Telegram Desktop\smartcityspring\smartcityspring\SMS\src\test\resources
2023-07-27 10:27:37,975 [Worker-45: Building] INFO  o.a.m.s.f.DefaultMavenResourcesFiltering - Copying 1 resource from src\main\resources to target\classes
2023-07-27 10:27:38,109 [Worker-45: Building] INFO  o.a.m.s.f.DefaultMavenResourcesFiltering - Copying 0 resource from src\main\resources to target\classes
2023-07-27 10:27:38,116 [Worker-45: Building] INFO  o.a.m.s.f.DefaultMavenResourcesFiltering - skip non existing resourceDirectory C:\Users\Dell\Downloads\Telegram Desktop\smartcityspring\smartcityspring\appointment\src\test\resources
2023-07-27 11:49:02,863 [Worker-56: Building] INFO  o.a.m.s.f.DefaultMavenResourcesFiltering - Copying 1 resource from src\main\resources to target\classes
2023-07-27 11:49:03,148 [Worker-56: Building] INFO  o.a.m.s.f.DefaultMavenResourcesFiltering - Copying 0 resource from src\main\resources to target\classes
2023-07-27 11:49:03,156 [Worker-56: Building] INFO  o.a.m.s.f.DefaultMavenResourcesFiltering - skip non existing resourceDirectory C:\Users\Dell\Downloads\Telegram Desktop\smartcityspring\smartcityspring\appointment\src\test\resources
